[2026-07-08 05:42:25,365] INFO [GroupCoordinator 1]: Preparing to rebalance group console-consumer-54132 in state PreparingRebalance with old generation 1 (__consumer_offsets-16) (reason: Removing member console-consumer-196078e7-aa35-4c74-97bc-b447b1f5e6c8 on LeaveGroup; client reason: the consumer is being closed) (kafka.coordinator.group.GroupCoordinator)
[2026-07-08 05:42:25,365] INFO [GroupCoordinator 1]: Group console-consumer-54132 with generation 2 is now empty (__consumer_offsets-16) (kafka.coordinator.group.GroupCoordinator)
[2026-07-08 05:42:25,365] INFO [GroupCoordinator 1]: Member MemberMetadata(memberId=console-consumer-196078e7-aa35-4c74-97bc-b447b1f5e6c8, groupInstanceId=None, clientId=console-consumer, clientHost=/172.20.0.10, sessionTimeoutMs=45000, rebalanceTimeoutMs=300000, supportedProtocols=List(range, cooperative-sticky)) has left group console-consumer-54132 through explicit `LeaveGroup`; client reason: the consumer is being closed (kafka.coordinator.group.GroupCoordinator)
[2026-07-08 05:42:31,385] INFO [GroupCoordinator 1]: Dynamic member with unknown member id joins group console-consumer-38390 in Empty state. Created a new member id console-consumer-f8a04a16-6228-4f39-b526-485adcf88bc7 and request the member to rejoin with this id. (kafka.coordinator.group.GroupCoordinator)
[2026-07-08 05:42:31,387] INFO [GroupCoordinator 1]: Preparing to rebalance group console-consumer-38390 in state PreparingRebalance with old generation 0 (__consumer_offsets-44) (reason: Adding new member console-consumer-f8a04a16-6228-4f39-b526-485adcf88bc7 with group instance id None; client reason: rebalance failed due to MemberIdRequiredException) (kafka.coordinator.group.GroupCoordinator)
[2026-07-08 05:42:34,389] INFO [GroupCoordinator 1]: Stabilized group console-consumer-38390 generation 1 (__consumer_offsets-44) with 1 members (kafka.coordinator.group.GroupCoordinator)
[2026-07-08 05:42:34,397] INFO [GroupCoordinator 1]: Assignment received from leader console-consumer-f8a04a16-6228-4f39-b526-485adcf88bc7 for group console-consumer-38390 for generation 1. The group has 1 members, 0 of which are static. (kafka.coordinator.group.GroupCoordinator)
[2026-07-08 05:42:44,435] INFO [GroupCoordinator 1]: Preparing to rebalance group console-consumer-38390 in state PreparingRebalance with old generation 1 (__consumer_offsets-44) (reason: Removing member console-consumer-f8a04a16-6228-4f39-b526-485adcf88bc7 on LeaveGroup; client reason: the consumer is being closed) (kafka.coordinator.group.GroupCoordinator)
[2026-07-08 05:42:44,435] INFO [GroupCoordinator 1]: Group console-consumer-38390 with generation 2 is now empty (__consumer_offsets-44) (kafka.coordinator.group.GroupCoordinator)
[2026-07-08 05:42:44,436] INFO [GroupCoordinator 1]: Member MemberMetadata(memberId=console-consumer-f8a04a16-6228-4f39-b526-485adcf88bc7, groupInstanceId=None, clientId=console-consumer, clientHost=/172.20.0.10, sessionTimeoutMs=45000, rebalanceTimeoutMs=300000, supportedProtocols=List(range, cooperative-sticky)) has left group console-consumer-38390 through explicit `LeaveGroup`; client reason: the consumer is being closed (kafka.coordinator.group.GroupCoordinator)
[2026-07-08 05:42:50,449] INFO [GroupCoordinator 1]: Dynamic member with unknown member id joins group console-consumer-952 in Empty state. Created a new member id console-consumer-155ad62a-21ac-479b-8143-b4ffaa1b3e83 and request the member to rejoin with this id. (kafka.coordinator.group.GroupCoordinator)
[2026-07-08 05:42:50,451] INFO [GroupCoordinator 1]: Preparing to rebalance group console-consumer-952 in state PreparingRebalance with old generation 0 (__consumer_offsets-27) (reason: Adding new member console-consumer-155ad62a-21ac-479b-8143-b4ffaa1b3e83 with group instance id None; client reason: rebalance failed due to MemberIdRequiredException) (kafka.coordinator.group.GroupCoordinator)
[2026-07-08 05:42:53,451] INFO [GroupCoordinator 1]: Stabilized group console-consumer-952 generation 1 (__consumer_offsets-27) with 1 members (kafka.coordinator.group.GroupCoordinator)
[2026-07-08 05:42:53,458] INFO [GroupCoordinator 1]: Assignment received from leader console-consumer-155ad62a-21ac-479b-8143-b4ffaa1b3e83 for group console-consumer-952 for generation 1. The group has 1 members, 0 of which are static. (kafka.coordinator.group.GroupCoordinator)
[2026-07-08 05:42:53,483] INFO [GroupMetadataManager brokerId=1] Group console-consumer-9942 transitioned to Dead in generation 2 (kafka.coordinator.group.GroupMetadataManager)
[2026-07-08 05:42:53,484] INFO [GroupMetadataManager brokerId=1] Group console-consumer-8232 transitioned to Dead in generation 2 (kafka.coordinator.group.GroupMetadataManager)
[2026-07-08 05:42:53,484] INFO [GroupMetadataManager brokerId=1] Group console-consumer-84209 transitioned to Dead in generation 2 (kafka.coordinator.group.GroupMetadataManager)
[2026-07-08 05:42:53,484] INFO [GroupMetadataManager brokerId=1] Group console-consumer-83776 transitioned to Dead in generation 2 (kafka.coordinator.group.GroupMetadataManager)
[2026-07-08 05:42:53,484] INFO [GroupMetadataManager brokerId=1] Group console-consumer-62014 transitioned to Dead in generation 2 (kafka.coordinator.group.GroupMetadataManager)
[2026-07-08 05:42:53,484] INFO [GroupMetadataManager brokerId=1] Group console-consumer-22572 transitioned to Dead in generation 2 (kafka.coordinator.group.GroupMetadataManager)
[2026-07-08 05:42:53,484] INFO [GroupMetadataManager brokerId=1] Group console-consumer-77935 transitioned to Dead in generation 2 (kafka.coordinator.group.GroupMetadataManager)
[2026-07-08 05:42:53,484] INFO [GroupMetadataManager brokerId=1] Group console-consumer-32822 transitioned to Dead in generation 2 (kafka.coordinator.group.GroupMetadataManager)
[2026-07-08 05:42:53,484] INFO [GroupMetadataManager brokerId=1] Group console-consumer-64174 transitioned to Dead in generation 2 (kafka.coordinator.group.GroupMetadataManager)
[2026-07-08 05:42:53,484] INFO [GroupMetadataManager brokerId=1] Group console-consumer-76023 transitioned to Dead in generation 2 (kafka.coordinator.group.GroupMetadataManager)
[2026-07-08 05:42:53,484] INFO [GroupMetadataManager brokerId=1] Group console-consumer-31355 transitioned to Dead in generation 2 (kafka.coordinator.group.GroupMetadataManager)
[2026-07-08 05:42:53,484] INFO [GroupMetadataManager brokerId=1] Group console-consumer-54132 transitioned to Dead in generation 2 (kafka.coordinator.group.GroupMetadataManager)
[2026-07-08 05:42:53,484] INFO [GroupMetadataManager brokerId=1] Group console-consumer-1898 transitioned to Dead in generation 2 (kafka.coordinator.group.GroupMetadataManager)
[2026-07-08 05:42:53,484] INFO [GroupMetadataManager brokerId=1] Group console-consumer-14820 transitioned to Dead in generation 2 (kafka.coordinator.group.GroupMetadataManager)
[2026-07-08 05:42:53,484] INFO [GroupMetadataManager brokerId=1] Group console-consumer-78170 transitioned to Dead in generation 2 (kafka.coordinator.group.GroupMetadataManager)
[2026-07-08 05:42:53,484] INFO [GroupMetadataManager brokerId=1] Group console-consumer-58146 transitioned to Dead in generation 2 (kafka.coordinator.group.GroupMetadataManager)
[2026-07-08 05:42:53,484] INFO [GroupMetadataManager brokerId=1] Group console-consumer-61032 transitioned to Dead in generation 2 (kafka.coordinator.group.GroupMetadataManager)
[2026-07-08 05:42:53,484] INFO [GroupMetadataManager brokerId=1] Group console-consumer-4221 transitioned to Dead in generation 2 (kafka.coordinator.group.GroupMetadataManager)
[2026-07-08 05:42:53,484] INFO [GroupMetadataManager brokerId=1] Group console-consumer-5493 transitioned to Dead in generation 2 (kafka.coordinator.group.GroupMetadataManager)
[2026-07-08 05:42:53,484] INFO [GroupMetadataManager brokerId=1] Group console-consumer-67178 transitioned to Dead in generation 2 (kafka.coordinator.group.GroupMetadataManager)
[2026-07-08 05:42:53,484] INFO [GroupMetadataManager brokerId=1] Group console-consumer-27489 transitioned to Dead in generation 2 (kafka.coordinator.group.GroupMetadataManager)
[2026-07-08 05:42:53,484] INFO [GroupMetadataManager brokerId=1] Group console-consumer-47784 transitioned to Dead in generation 2 (kafka.coordinator.group.GroupMetadataManager)
[2026-07-08 05:42:53,485] INFO [GroupMetadataManager brokerId=1] Group console-consumer-24796 transitioned to Dead in generation 2 (kafka.coordinator.group.GroupMetadataManager)
[2026-07-08 05:42:53,485] INFO [GroupMetadataManager brokerId=1] Group console-consumer-38390 transitioned to Dead in generation 2 (kafka.coordinator.group.GroupMetadataManager)
[2026-07-08 05:42:53,485] INFO [GroupMetadataManager brokerId=1] Group console-consumer-48132 transitioned to Dead in generation 2 (kafka.coordinator.group.GroupMetadataManager)
[2026-07-08 05:42:53,485] INFO [GroupMetadataManager brokerId=1] Group console-consumer-69232 transitioned to Dead in generation 2 (kafka.coordinator.group.GroupMetadataManager)
[2026-07-08 05:42:53,485] INFO [GroupMetadataManager brokerId=1] Group console-consumer-30735 transitioned to Dead in generation 2 (kafka.coordinator.group.GroupMetadataManager)
[2026-07-08 05:42:53,485] INFO [GroupMetadataManager brokerId=1] Group console-consumer-93435 transitioned to Dead in generation 2 (kafka.coordinator.group.GroupMetadataManager)
[2026-07-08 05:42:53,485] INFO [GroupMetadataManager brokerId=1] Group console-consumer-94103 transitioned to Dead in generation 2 (kafka.coordinator.group.GroupMetadataManager)
[2026-07-08 05:42:53,486] INFO [GroupMetadataManager brokerId=1] Group console-consumer-8612 transitioned to Dead in generation 2 (kafka.coordinator.group.GroupMetadataManager)
[2026-07-08 05:42:53,486] INFO [GroupMetadataManager brokerId=1] Group console-consumer-93678 transitioned to Dead in generation 2 (kafka.coordinator.group.GroupMetadataManager)
[2026-07-08 05:42:58,624] INFO [Controller id=1] Processing automatic preferred replica leader election (kafka.controller.KafkaController)
[2026-07-08 05:42:58,625] TRACE [Controller id=1] Checking need to trigger auto leader balancing (kafka.controller.KafkaController)
[2026-07-08 05:42:58,625] DEBUG [Controller id=1] Topics not in preferred replica for broker 1 HashMap() (kafka.controller.KafkaController)
[2026-07-08 05:42:58,625] TRACE [Controller id=1] Leader imbalance ratio for broker 1 is 0.0 (kafka.controller.KafkaController)
[2026-07-08 05:43:03,506] INFO [GroupCoordinator 1]: Preparing to rebalance group console-consumer-952 in state PreparingRebalance with old generation 1 (__consumer_offsets-27) (reason: Removing member console-consumer-155ad62a-21ac-479b-8143-b4ffaa1b3e83 on LeaveGroup; client reason: the consumer is being closed) (kafka.coordinator.group.GroupCoordinator)
[2026-07-08 05:43:03,507] INFO [GroupCoordinator 1]: Group console-consumer-952 with generation 2 is now empty (__consumer_offsets-27) (kafka.coordinator.group.GroupCoordinator)
[2026-07-08 05:43:03,507] INFO [GroupCoordinator 1]: Member MemberMetadata(memberId=console-consumer-155ad62a-21ac-479b-8143-b4ffaa1b3e83, groupInstanceId=None, clientId=console-consumer, clientHost=/172.20.0.10, sessionTimeoutMs=45000, rebalanceTimeoutMs=300000, supportedProtocols=List(range, cooperative-sticky)) has left group console-consumer-952 through explicit `LeaveGroup`; client reason: the consumer is being closed (kafka.coordinator.group.GroupCoordinator)
[2026-07-08 05:43:09,522] INFO [GroupCoordinator 1]: Dynamic member with unknown member id joins group console-consumer-9123 in Empty state. Created a new member id console-consumer-208da902-300d-447b-9aa8-cf3d916c563e and request the member to rejoin with this id. (kafka.coordinator.group.GroupCoordinator)
[2026-07-08 05:43:09,523] INFO [GroupCoordinator 1]: Preparing to rebalance group console-consumer-9123 in state PreparingRebalance with old generation 0 (__consumer_offsets-44) (reason: Adding new member console-consumer-208da902-300d-447b-9aa8-cf3d916c563e with group instance id None; client reason: rebalance failed due to MemberIdRequiredException) (kafka.coordinator.group.GroupCoordinator)
[2026-07-08 05:43:12,528] INFO [GroupCoordinator 1]: Stabilized group console-consumer-9123 generation 1 (__consumer_offsets-44) with 1 members (kafka.coordinator.group.GroupCoordinator)
[2026-07-08 05:43:12,537] INFO [GroupCoordinator 1]: Assignment received from leader console-consumer-208da902-300d-447b-9aa8-cf3d916c563e for group console-consumer-9123 for generation 1. The group has 1 members, 0 of which are static. (kafka.coordinator.group.GroupCoordinator)
[2026-07-08 05:43:22,594] INFO [GroupCoordinator 1]: Preparing to rebalance group console-consumer-9123 in state PreparingRebalance with old generation 1 (__consumer_offsets-44) (reason: Removing member console-consumer-208da902-300d-447b-9aa8-cf3d916c563e on LeaveGroup; client reason: the consumer is being closed) (kafka.coordinator.group.GroupCoordinator)
[2026-07-08 05:43:22,594] INFO [GroupCoordinator 1]: Group console-consumer-9123 with generation 2 is now empty (__consumer_offsets-44) (kafka.coordinator.group.GroupCoordinator)
[2026-07-08 05:43:22,594] INFO [GroupCoordinator 1]: Member MemberMetadata(memberId=console-consumer-208da902-300d-447b-9aa8-cf3d916c563e, groupInstanceId=None, clientId=console-consumer, clientHost=/172.20.0.10, sessionTimeoutMs=45000, rebalanceTimeoutMs=300000, supportedProtocols=List(range, cooperative-sticky)) has left group console-consumer-9123 through explicit `LeaveGroup`; client reason: the consumer is being closed (kafka.coordinator.group.GroupCoordinator)
[2026-07-08 05:43:28,632] INFO [GroupCoordinator 1]: Dynamic member with unknown member id joins group console-consumer-81583 in Empty state. Created a new member id console-consumer-a29f7473-bd4f-4cd4-b2f8-e262736aab5b and request the member to rejoin with this id. (kafka.coordinator.group.GroupCoordinator)
[2026-07-08 05:43:28,634] INFO [GroupCoordinator 1]: Preparing to rebalance group console-consumer-81583 in state PreparingRebalance with old generation 0 (__consumer_offsets-6) (reason: Adding new member console-consumer-a29f7473-bd4f-4cd4-b2f8-e262736aab5b with group instance id None; client reason: rebalance failed due to MemberIdRequiredException) (kafka.coordinator.group.GroupCoordinator)
[2026-07-08 05:43:31,635] INFO [GroupCoordinator 1]: Stabilized group console-consumer-81583 generation 1 (__consumer_offsets-6) with 1 members (kafka.coordinator.group.GroupCoordinator)
[2026-07-08 05:43:31,654] INFO [GroupCoordinator 1]: Assignment received from leader console-consumer-a29f7473-bd4f-4cd4-b2f8-e262736aab5b for group console-consumer-81583 for generation 1. The group has 1 members, 0 of which are static. (kafka.coordinator.group.GroupCoordinator)
[2026-07-08 05:43:41,716] INFO [GroupCoordinator 1]: Preparing to rebalance group console-consumer-81583 in state PreparingRebalance with old generation 1 (__consumer_offsets-6) (reason: Removing member console-consumer-a29f7473-bd4f-4cd4-b2f8-e262736aab5b on LeaveGroup; client reason: the consumer is being closed) (kafka.coordinator.group.GroupCoordinator)
[2026-07-08 05:43:41,717] INFO [GroupCoordinator 1]: Group console-consumer-81583 with generation 2 is now empty (__consumer_offsets-6) (kafka.coordinator.group.GroupCoordinator)
[2026-07-08 05:43:41,717] INFO [GroupCoordinator 1]: Member MemberMetadata(memberId=console-consumer-a29f7473-bd4f-4cd4-b2f8-e262736aab5b, groupInstanceId=None, clientId=console-consumer, clientHost=/172.20.0.10, sessionTimeoutMs=45000, rebalanceTimeoutMs=300000, supportedProtocols=List(range, cooperative-sticky)) has left group console-consumer-81583 through explicit `LeaveGroup`; client reason: the consumer is being closed (kafka.coordinator.group.GroupCoordinator)
[2026-07-08 05:43:47,792] INFO [GroupCoordinator 1]: Dynamic member with unknown member id joins group console-consumer-91442 in Empty state. Created a new member id console-consumer-cd9ca7dc-2a70-440e-bbcb-b112b00f0384 and request the member to rejoin with this id. (kafka.coordinator.group.GroupCoordinator)
[2026-07-08 05:43:47,793] INFO [GroupCoordinator 1]: Preparing to rebalance group console-consumer-91442 in state PreparingRebalance with old generation 0 (__consumer_offsets-41) (reason: Adding new member console-consumer-cd9ca7dc-2a70-440e-bbcb-b112b00f0384 with group instance id None; client reason: rebalance failed due to MemberIdRequiredException) (kafka.coordinator.group.GroupCoordinator)
[2026-07-08 05:43:50,796] INFO [GroupCoordinator 1]: Stabilized group console-consumer-91442 generation 1 (__consumer_offsets-41) with 1 members (kafka.coordinator.group.GroupCoordinator)
[2026-07-08 05:43:50,806] INFO [GroupCoordinator 1]: Assignment received from leader console-consumer-cd9ca7dc-2a70-440e-bbcb-b112b00f0384 for group console-consumer-91442 for generation 1. The group has 1 members, 0 of which are static. (kafka.coordinator.group.GroupCoordinator)
[2026-07-08 05:44:00,849] INFO [GroupCoordinator 1]: Preparing to rebalance group console-consumer-91442 in state PreparingRebalance with old generation 1 (__consumer_offsets-41) (reason: Removing member console-consumer-cd9ca7dc-2a70-440e-bbcb-b112b00f0384 on LeaveGroup; client reason: the consumer is being closed) (kafka.coordinator.group.GroupCoordinator)
[2026-07-08 05:44:00,849] INFO [GroupCoordinator 1]: Group console-consumer-91442 with generation 2 is now empty (__consumer_offsets-41) (kafka.coordinator.group.GroupCoordinator)
[2026-07-08 05:44:00,850] INFO [GroupCoordinator 1]: Member MemberMetadata(memberId=console-consumer-cd9ca7dc-2a70-440e-bbcb-b112b00f0384, groupInstanceId=None, clientId=console-consumer, clientHost=/172.20.0.10, sessionTimeoutMs=45000, rebalanceTimeoutMs=300000, supportedProtocols=List(range, cooperative-sticky)) has left group console-consumer-91442 through explicit `LeaveGroup`; client reason: the consumer is being closed (kafka.coordinator.group.GroupCoordinator)
[2026-07-08 05:44:06,892] INFO [GroupCoordinator 1]: Dynamic member with unknown member id joins group console-consumer-85205 in Empty state. Created a new member id console-consumer-a001212c-6393-426d-a23b-85967bb73b22 and request the member to rejoin with this id. (kafka.coordinator.group.GroupCoordinator)
[2026-07-08 05:44:06,894] INFO [GroupCoordinator 1]: Preparing to rebalance group console-consumer-85205 in state PreparingRebalance with old generation 0 (__consumer_offsets-41) (reason: Adding new member console-consumer-a001212c-6393-426d-a23b-85967bb73b22 with group instance id None; client reason: rebalance failed due to MemberIdRequiredException) (kafka.coordinator.group.GroupCoordinator)
[2026-07-08 05:44:09,896] INFO [GroupCoordinator 1]: Stabilized group console-consumer-85205 generation 1 (__consumer_offsets-41) with 1 members (kafka.coordinator.group.GroupCoordinator)
[2026-07-08 05:44:09,905] INFO [GroupCoordinator 1]: Assignment received from leader console-consumer-a001212c-6393-426d-a23b-85967bb73b22 for group console-consumer-85205 for generation 1. The group has 1 members, 0 of which are static. (kafka.coordinator.group.GroupCoordinator)
[2026-07-08 05:44:19,946] INFO [GroupCoordinator 1]: Preparing to rebalance group console-consumer-85205 in state PreparingRebalance with old generation 1 (__consumer_offsets-41) (reason: Removing member console-consumer-a001212c-6393-426d-a23b-85967bb73b22 on LeaveGroup; client reason: the consumer is being closed) (kafka.coordinator.group.GroupCoordinator)
[2026-07-08 05:44:19,946] INFO [GroupCoordinator 1]: Group console-consumer-85205 with generation 2 is now empty (__consumer_offsets-41) (kafka.coordinator.group.GroupCoordinator)
[2026-07-08 05:44:19,946] INFO [GroupCoordinator 1]: Member MemberMetadata(memberId=console-consumer-a001212c-6393-426d-a23b-85967bb73b22, groupInstanceId=None, clientId=console-consumer, clientHost=/172.20.0.10, sessionTimeoutMs=45000, rebalanceTimeoutMs=300000, supportedProtocols=List(range, cooperative-sticky)) has left group console-consumer-85205 through explicit `LeaveGroup`; client reason: the consumer is being closed (kafka.coordinator.group.GroupCoordinator)
